Build started 2/4/2015 4:21:57 PM.
     1>Project "C:\Users\Robert\OneDrive\GitHub\Renderer\Renderer\Renderer.vcxproj" on node 2 (Build target(s)).
     1>FxCompile:
         C:\Program Files (x86)\Windows Kits\8.1\bin\x86\fxc.exe /nologo /E"PS" /T ps_5_0 /Fo "C:\Users\Robert\OneDrive\GitHub\Renderer\Debug\DefPixelShader.cso" /Od /Zi DefPixelShader.hlsl 
         compilation object save succeeded; see C:\Users\Robert\OneDrive\GitHub\Renderer\Debug\DefPixelShader.cso
         C:\Program Files (x86)\Windows Kits\8.1\bin\x86\fxc.exe /nologo /E"VS" /T vs_5_0 /Fo "C:\Users\Robert\OneDrive\GitHub\Renderer\Debug\DefVertexShader.cso" /Od /Zi DefVertexShader.hlsl 
         compilation object save succeeded; see C:\Users\Robert\OneDrive\GitHub\Renderer\Debug\DefVertexShader.cso
         C:\Program Files (x86)\Windows Kits\8.1\bin\x86\fxc.exe /nologo /E"PS" /T ps_5_0 /Fo "C:\Users\Robert\OneDrive\GitHub\Renderer\Debug\PixelShader.cso" /Od /Zi PixelShader.hlsl 
         compilation object save succeeded; see C:\Users\Robert\OneDrive\GitHub\Renderer\Debug\PixelShader.cso
         C:\Program Files (x86)\Windows Kits\8.1\bin\x86\fxc.exe /nologo /E"VS" /T vs_5_0 /Fo "C:\Users\Robert\OneDrive\GitHub\Renderer\Debug\VertexShader.cso" /Od /Zi VertexShader.hlsl 
         compilation object save succeeded; see C:\Users\Robert\OneDrive\GitHub\Renderer\Debug\VertexShader.cso
       ClCompile:
         C:\Program Files (x86)\Microsoft Visual Studio 12.0\VC\bin\CL.exe /c /ZI /nologo /W3 /WX- /sdl /Od /Oy- /D _MBCS /Gm /EHsc /RTC1 /MDd /GS /fp:precise /Zc:wchar_t /Zc:forScope /Fo"Debug\\" /Fd"Debug\vc120.pdb" /Gd /TP /analyze- /errorReport:prompt Camera.cpp D3D11Render.cpp DDSTextureLoader.cpp Effect.cpp InputAssembler.cpp Model.cpp Renderer.cpp RenderTarget.cpp Window.cpp
         Window.cpp
         RenderTarget.cpp
     1>c:\users\robert\onedrive\github\renderer\renderer\rendertarget.cpp(32): warning C4018: '<' : signed/unsigned mismatch
     1>c:\users\robert\onedrive\github\renderer\renderer\rendertarget.cpp(45): warning C4018: '<' : signed/unsigned mismatch
     1>c:\users\robert\onedrive\github\renderer\renderer\rendertarget.cpp(60): warning C4018: '<' : signed/unsigned mismatch
         Renderer.cpp
     1>c:\users\robert\onedrive\github\renderer\renderer\renderer.cpp(15): warning C4244: 'argument' : conversion from 'int' to 'float', possible loss of data
         Model.cpp
         InputAssembler.cpp
         Effect.cpp
     1>c:\users\robert\onedrive\github\renderer\renderer\effect.cpp(14): warning C4101: 'rDes' : unreferenced local variable
         DDSTextureLoader.cpp
         D3D11Render.cpp
     1>c:\users\robert\onedrive\github\renderer\renderer\d3d11render.cpp(16): warning C4244: '=' : conversion from 'float' to 'int', possible loss of data
     1>c:\users\robert\onedrive\github\renderer\renderer\d3d11render.cpp(17): warning C4244: '=' : conversion from 'float' to 'int', possible loss of data
     1>c:\users\robert\onedrive\github\renderer\renderer\d3d11render.cpp(18): warning C4244: '=' : conversion from 'int' to 'float', possible loss of data
     1>c:\users\robert\onedrive\github\renderer\renderer\d3d11render.cpp(35): warning C4244: '=' : conversion from 'int' to 'FLOAT', possible loss of data
     1>c:\users\robert\onedrive\github\renderer\renderer\d3d11render.cpp(36): warning C4244: '=' : conversion from 'int' to 'FLOAT', possible loss of data
     1>c:\users\robert\onedrive\github\renderer\renderer\d3d11render.cpp(225): warning C4018: '<' : signed/unsigned mismatch
         Camera.cpp
     1>c:\users\robert\onedrive\github\renderer\renderer\camera.cpp(28): warning C4305: '+=' : truncation from 'double' to 'float'
         Generating Code...
       Link:
         C:\Program Files (x86)\Microsoft Visual Studio 12.0\VC\bin\link.exe /ERRORREPORT:PROMPT /OUT:"C:\Users\Robert\OneDrive\GitHub\Renderer\Debug\Renderer.exe" /INCREMENTAL /NOLOGO kernel32.lib user32.lib gdi32.lib winspool.lib comdlg32.lib advapi32.lib shell32.lib ole32.lib oleaut32.lib uuid.lib odbc32.lib odbccp32.lib /MANIFEST /MANIFESTUAC:"level='asInvoker' uiAccess='false'" /manifest:embed /DEBUG /PDB:"C:\Users\Robert\OneDrive\GitHub\Renderer\Debug\Renderer.pdb" /TLBID:1 /DYNAMICBASE /NXCOMPAT /IMPLIB:"C:\Users\Robert\OneDrive\GitHub\Renderer\Debug\Renderer.lib" /MACHINE:X86 Debug\Camera.obj
         Debug\D3D11Render.obj
         Debug\DDSTextureLoader.obj
         Debug\Effect.obj
         Debug\InputAssembler.obj
         Debug\Model.obj
         Debug\Renderer.obj
         Debug\RenderTarget.obj
         Debug\Window.obj
         Renderer.vcxproj -> C:\Users\Robert\OneDrive\GitHub\Renderer\Debug\Renderer.exe
     1>Done Building Project "C:\Users\Robert\OneDrive\GitHub\Renderer\Renderer\Renderer.vcxproj" (Build target(s)).

Build succeeded.

Time Elapsed 00:00:10.93
